[0m** WARNING ** io features related to pcap will be disabled[0m
[0m** WARNING ** io features related to png will be disabled[0m
[01m[K/home/aidan/ana_bot/src/ana/src/nodes/ply2pcd.cpp:155:5:[m[K [01;31m[Kerror: [m[Kâ€˜[01m[Knav_msgs[m[Kâ€™ does not name a type
  155 |     [01;31m[Knav_msgs[m[K::msg::OccupancyGrid createOccupancyGrid(const pcl::PointCloud<pcl::PointXYZ>::Ptr& cloud, float resolution) {
      |     [01;31m[K^~~~~~~~[m[K
[01m[K/home/aidan/ana_bot/src/ana/src/nodes/ply2pcd.cpp:181:23:[m[K [01;31m[Kerror: [m[Kâ€˜[01m[Knav_msgs[m[Kâ€™ was not declared in this scope
  181 |     rclcpp::Publisher<[01;31m[Knav_msgs[m[K::msg::OccupancyGrid>::SharedPtr grid_publisher_;
      |                       [01;31m[K^~~~~~~~[m[K
[01m[K/home/aidan/ana_bot/src/ana/src/nodes/ply2pcd.cpp:181:51:[m[K [01;31m[Kerror: [m[Ktemplate argument 1 is invalid
  181 |     rclcpp::Publisher<nav_msgs::msg::OccupancyGrid[01;31m[K>[m[K::SharedPtr grid_publisher_;
      |                                                   [01;31m[K^[m[K
[01m[K/home/aidan/ana_bot/src/ana/src/nodes/ply2pcd.cpp:181:54:[m[K [01;31m[Kerror: [m[Kexpected â€˜[01m[K;[m[Kâ€™ at end of member declaration
  181 |     rclcpp::Publisher<nav_msgs::msg::OccupancyGrid>::[01;31m[KSharedPtr[m[K grid_publisher_;
      |                                                      [01;31m[K^~~~~~~~~[m[K
      |                                                               [32m[K;[m[K
[01m[K/home/aidan/ana_bot/src/ana/src/nodes/ply2pcd.cpp:181:64:[m[K [01;31m[Kerror: [m[Kâ€˜[01m[Kgrid_publisher_[m[Kâ€™ does not name a type; did you mean â€˜[01m[Krmw_publisher_t[m[Kâ€™?
  181 |     rclcpp::Publisher<nav_msgs::msg::OccupancyGrid>::SharedPtr [01;31m[Kgrid_publisher_[m[K;
      |                                                                [01;31m[K^~~~~~~~~~~~~~~[m[K
      |                                                                [32m[Krmw_publisher_t[m[K
[01m[K/home/aidan/ana_bot/src/ana/src/nodes/ply2pcd.cpp:[m[K In constructor â€˜[01m[KPCDPublisher::PCDPublisher()[m[Kâ€™:
[01m[K/home/aidan/ana_bot/src/ana/src/nodes/ply2pcd.cpp:29:9:[m[K [01;31m[Kerror: [m[Kâ€˜[01m[Kgrid_publisher_[m[Kâ€™ was not declared in this scope; did you mean â€˜[01m[Krmw_publisher_t[m[Kâ€™?
   29 |         [01;31m[Kgrid_publisher_[m[K = this->create_publisher<nav_msgs::msg::OccupancyGrid>("occupancy", 10);
      |         [01;31m[K^~~~~~~~~~~~~~~[m[K
      |         [32m[Krmw_publisher_t[m[K
[01m[K/home/aidan/ana_bot/src/ana/src/nodes/ply2pcd.cpp:29:50:[m[K [01;31m[Kerror: [m[Kâ€˜[01m[Knav_msgs[m[Kâ€™ was not declared in this scope
   29 |         grid_publisher_ = this->create_publisher<[01;31m[Knav_msgs[m[K::msg::OccupancyGrid>("occupancy", 10);
      |                                                  [01;31m[K^~~~~~~~[m[K
[01m[K/home/aidan/ana_bot/src/ana/src/nodes/ply2pcd.cpp:29:33:[m[K [01;31m[Kerror: [m[Kparse error in template argument list
   29 |         grid_publisher_ = this->[01;31m[Kcreate_publisher<nav_msgs::msg::OccupancyGrid>[m[K("occupancy", 10);
      |                                 [01;31m[K^~~~~~~~~~~~~~~~~~~~~~~~~~~~~~~~~~~~~~~~~~~~~~[m[K
[01m[K/home/aidan/ana_bot/src/ana/src/nodes/ply2pcd.cpp:29:79:[m[K [01;31m[Kerror: [m[Kno matching function for call to â€˜[01m[KPCDPublisher::create_publisher<<expression error> >(const char [10], int)[m[Kâ€™
   29 |         grid_publisher_ = [01;31m[Kthis->create_publisher<nav_msgs::msg::OccupancyGrid>("occupancy", 10)[m[K;
      |                           [01;31m[K~~~~~~~~~~~~~~~~~~~~~~~~~~~~~~~~~~~~~~~~~~~~~~~~~~~~^~~~~~~~~~~~~~~~~[m[K
In file included from [01m[K/opt/ros/humble/include/rclcpp/rclcpp/node.hpp:1321[m[K,
                 from [01m[K/opt/ros/humble/include/rclcpp/rclcpp/executors/single_threaded_executor.hpp:28[m[K,
                 from [01m[K/opt/ros/humble/include/rclcpp/rclcpp/executors.hpp:22[m[K,
                 from [01m[K/opt/ros/humble/include/rclcpp/rclcpp/rclcpp.hpp:155[m[K,
                 from [01m[K/home/aidan/ana_bot/src/ana/src/nodes/ply2pcd.cpp:4[m[K:
[01m[K/opt/ros/humble/include/rclcpp/rclcpp/node_impl.hpp:73:1:[m[K [01;36m[Knote: [m[Kcandidate: â€˜[01m[Ktemplate<class MessageT, class AllocatorT, class PublisherT> std::shared_ptr<PublisherT> rclcpp::Node::create_publisher(const string&, const rclcpp::QoS&, const rclcpp::PublisherOptionsWithAllocator<AllocatorT>&)[m[Kâ€™
   73 | [01;36m[KNode[m[K::create_publisher(
      | [01;36m[K^~~~[m[K
[01m[K/opt/ros/humble/include/rclcpp/rclcpp/node_impl.hpp:73:1:[m[K [01;36m[Knote: [m[K  template argument deduction/substitution failed:
[01m[K/home/aidan/ana_bot/src/ana/src/nodes/ply2pcd.cpp:29:79:[m[K [01;31m[Kerror: [m[Ktemplate argument 1 is invalid
   29 |         grid_publisher_ = [01;31m[Kthis->create_publisher<nav_msgs::msg::OccupancyGrid>("occupancy", 10)[m[K;
      |                           [01;31m[K~~~~~~~~~~~~~~~~~~~~~~~~~~~~~~~~~~~~~~~~~~~~~~~~~~~~^~~~~~~~~~~~~~~~~[m[K
[01m[K/home/aidan/ana_bot/src/ana/src/nodes/ply2pcd.cpp:[m[K In member function â€˜[01m[Kvoid PCDPublisher::timerCallback()[m[Kâ€™:
[01m[K/home/aidan/ana_bot/src/ana/src/nodes/ply2pcd.cpp:148:21:[m[K [01;31m[Kerror: [m[Kâ€˜[01m[KcreateOccupancyGrid[m[Kâ€™ was not declared in this scope
  148 |         auto grid = [01;31m[KcreateOccupancyGrid[m[K(cloud, 0.05f);  // Example: 5cm grid cell size
      |                     [01;31m[K^~~~~~~~~~~~~~~~~~~[m[K
[01m[K/home/aidan/ana_bot/src/ana/src/nodes/ply2pcd.cpp:149:9:[m[K [01;31m[Kerror: [m[Kâ€˜[01m[Kgrid_publisher_[m[Kâ€™ was not declared in this scope; did you mean â€˜[01m[Krmw_publisher_t[m[Kâ€™?
  149 |         [01;31m[Kgrid_publisher_[m[K->publish(grid);
      |         [01;31m[K^~~~~~~~~~~~~~~[m[K
      |         [32m[Krmw_publisher_t[m[K
gmake[2]: *** [CMakeFiles/publish_pcd_node.dir/build.make:76: CMakeFiles/publish_pcd_node.dir/src/nodes/ply2pcd.cpp.o] Error 1
gmake[1]: *** [CMakeFiles/Makefile2:167: CMakeFiles/publish_pcd_node.dir/all] Error 2
gmake: *** [Makefile:146: all] Error 2
