[0.007s] Invoking command in '/home/aidan/ana_bot/build/ana': CMAKE_PREFIX_PATH=${CMAKE_PREFIX_PATH}:/home/aidan/ana_bot/install/my_python_pkg:/opt/ros/humble /usr/bin/cmake /home/aidan/ana_bot/src/ana -DAMENT_CMAKE_SYMLINK_INSTALL=1 -DCMAKE_INSTALL_PREFIX=/home/aidan/ana_bot/install/ana
[0.043s] -- The C compiler identification is GNU 11.4.0
[0.081s] -- The CXX compiler identification is GNU 11.4.0
[0.087s] -- Detecting C compiler ABI info
[0.134s] -- Detecting C compiler ABI info - done
[0.140s] -- Check for working C compiler: /usr/bin/cc - skipped
[0.140s] -- Detecting C compile features
[0.141s] -- Detecting C compile features - done
[0.143s] -- Detecting CXX compiler ABI info
[0.195s] -- Detecting CXX compiler ABI info - done
[0.201s] -- Check for working CXX compiler: /usr/bin/c++ - skipped
[0.201s] -- Detecting CXX compile features
[0.201s] -- Detecting CXX compile features - done
[0.203s] -- Found ament_cmake: 1.3.8 (/opt/ros/humble/share/ament_cmake/cmake)
[0.312s] -- Found Python3: /usr/bin/python3 (found version "3.10.12") found components: Interpreter 
[0.359s] -- Override CMake install command with custom implementation using symlinks instead of copying resources
[0.384s] -- Found rclcpp: 16.0.8 (/opt/ros/humble/share/rclcpp/cmake)
[0.420s] -- Found rosidl_generator_c: 3.1.5 (/opt/ros/humble/share/rosidl_generator_c/cmake)
[0.424s] -- Found rosidl_adapter: 3.1.5 (/opt/ros/humble/share/rosidl_adapter/cmake)
[0.432s] -- Found rosidl_generator_cpp: 3.1.5 (/opt/ros/humble/share/rosidl_generator_cpp/cmake)
[0.443s] -- Using all available rosidl_typesupport_c: rosidl_typesupport_fastrtps_c;rosidl_typesupport_introspection_c
[0.458s] -- Using all available rosidl_typesupport_cpp: rosidl_typesupport_fastrtps_cpp;rosidl_typesupport_introspection_cpp
[0.515s] -- Found rmw_implementation_cmake: 6.1.1 (/opt/ros/humble/share/rmw_implementation_cmake/cmake)
[0.517s] -- Found rmw_fastrtps_cpp: 6.2.6 (/opt/ros/humble/share/rmw_fastrtps_cpp/cmake)
[0.586s] -- Found OpenSSL: /usr/lib/x86_64-linux-gnu/libcrypto.so (found version "3.0.2")  
[0.607s] -- Found FastRTPS: /opt/ros/humble/include  
[0.645s] -- Using RMW implementation 'rmw_fastrtps_cpp' as default
[0.653s] -- Looking for pthread.h
[0.701s] -- Looking for pthread.h - found
[0.702s] -- Performing Test CMAKE_HAVE_LIBC_PTHREAD
[0.749s] -- Performing Test CMAKE_HAVE_LIBC_PTHREAD - Success
[0.750s] -- Found Threads: TRUE  
[0.880s] -- Found sensor_msgs: 4.2.3 (/opt/ros/humble/share/sensor_msgs/cmake)
[0.984s] -- Found nav_msgs: 4.2.3 (/opt/ros/humble/share/nav_msgs/cmake)
[1.052s] -- Found image_transport: 3.1.9 (/opt/ros/humble/share/image_transport/cmake)
[1.090s] -- Found cv_bridge: 3.2.1 (/opt/ros/humble/share/cv_bridge/cmake)
[1.105s] -- Found OpenCV: /usr (found version "4.5.4") 
[1.115s] -- Checking for module 'eigen3'
[1.122s] --   Found eigen3, version 3.4.0
[1.143s] -- Found Eigen: /usr/include/eigen3 (Required is at least version "3.1") 
[1.143s] -- Eigen found (include: /usr/include/eigen3, version: 3.4.0)
[1.159s] -- Found Boost: /usr/lib/x86_64-linux-gnu/cmake/Boost-1.74.0/BoostConfig.cmake (found suitable version "1.74.0", minimum required is "1.65.0") found components: system filesystem date_time iostreams serialization 
[1.191s] -- Checking for module 'libusb-1.0'
[1.199s] --   Found libusb-1.0, version 1.0.25
[1.219s] -- Found libusb: /usr/lib/x86_64-linux-gnu/libusb-1.0.so  
[1.220s] -- Found OpenNI: /usr/lib/libOpenNI.so;libusb::libusb (found version "1.5.4.0") 
[1.220s] -- OpenNI found (version: 1.5.4.0, include: /usr/include/ni, lib: /usr/lib/libOpenNI.so;libusb::libusb)
[1.251s] -- Found OpenNI2: /usr/lib/x86_64-linux-gnu/libOpenNI2.so;libusb::libusb (found version "2.2.0.33") 
[1.251s] -- OpenNI2 found (version: 2.2.0.33, include: /usr/include/openni2, lib: /usr/lib/x86_64-linux-gnu/libOpenNI2.so;libusb::libusb)
[1.251s] [0m** WARNING ** io features related to pcap will be disabled[0m
[1.251s] [0m** WARNING ** io features related to png will be disabled[0m
[1.278s] -- Found GLEW: /usr/lib/x86_64-linux-gnu/libGLEW.so  
[1.282s] -- Found OpenGL: /usr/lib/x86_64-linux-gnu/libOpenGL.so  found components: OpenGL GLX 
[1.377s] -- Found MPI_C: /usr/lib/x86_64-linux-gnu/libmpi.so (found version "3.1") 
[1.377s] -- Found MPI: TRUE (found version "3.1") found components: C 
[1.379s] -- Found JsonCpp: /usr/lib/x86_64-linux-gnu/libjsoncpp.so (found suitable version "1.9.5", minimum required is "0.7.0") 
[1.386s] -- Found ZLIB: /usr/lib/x86_64-linux-gnu/libz.so (found version "1.2.11") 
[1.400s] -- Found PNG: /usr/lib/x86_64-linux-gnu/libpng.so (found version "1.6.37") 
[1.408s] -- Found Eigen3: /usr/include/eigen3 (found version "3.4.0") 
[1.467s] -- Found X11: /usr/include   
[1.468s] -- Looking for XOpenDisplay in /usr/lib/x86_64-linux-gnu/libX11.so;/usr/lib/x86_64-linux-gnu/libXext.so
[1.515s] -- Looking for XOpenDisplay in /usr/lib/x86_64-linux-gnu/libX11.so;/usr/lib/x86_64-linux-gnu/libXext.so - found
[1.515s] -- Looking for gethostbyname
[1.561s] -- Looking for gethostbyname - found
[1.561s] -- Looking for connect
[1.607s] -- Looking for connect - found
[1.607s] -- Looking for remove
[1.653s] -- Looking for remove - found
[1.653s] -- Looking for shmat
[1.697s] -- Looking for shmat - found
[1.697s] -- Looking for IceConnectionNumber in ICE
[1.742s] -- Looking for IceConnectionNumber in ICE - found
[1.796s] -- Found EXPAT: /usr/lib/x86_64-linux-gnu/libexpat.so (found version "2.4.7") 
[1.797s] -- Found double-conversion: /usr/lib/x86_64-linux-gnu/libdouble-conversion.so  
[1.798s] -- Found LZ4: /usr/lib/x86_64-linux-gnu/liblz4.so (found version "1.9.3") 
[1.800s] -- Found LZMA: /usr/lib/x86_64-linux-gnu/liblzma.so (found version "5.2.5") 
[1.809s] -- Found JPEG: /usr/lib/x86_64-linux-gnu/libjpeg.so (found version "80") 
[1.813s] -- Found TIFF: /usr/lib/x86_64-linux-gnu/libtiff.so (found version "4.3.0")  
[1.816s] -- Found Freetype: /usr/lib/x86_64-linux-gnu/libfreetype.so (found version "2.11.1") 
[1.820s] -- Found utf8cpp: /usr/include/utf8cpp  
[1.843s] -- Eigen found (include: /usr/include/eigen3, version: 3.4.0)
[1.854s] -- Checking for module 'flann'
[1.862s] --   Found flann, version 1.9.1
[1.888s] -- Found FLANN: /usr/lib/x86_64-linux-gnu/libflann_cpp.so  
[1.888s] -- FLANN found (include: /usr/include, lib: /usr/lib/x86_64-linux-gnu/libflann_cpp.so)
[2.101s] -- looking for PCL_COMMON
[2.101s] -- Found PCL_COMMON: /usr/lib/x86_64-linux-gnu/libpcl_common.so  
[2.101s] -- looking for PCL_OCTREE
[2.102s] -- Found PCL_OCTREE: /usr/lib/x86_64-linux-gnu/libpcl_octree.so  
[2.102s] -- looking for PCL_IO
[2.103s] -- Found PCL_IO: /usr/lib/x86_64-linux-gnu/libpcl_io.so  
[2.103s] -- looking for PCL_KDTREE
[2.103s] -- Found PCL_KDTREE: /usr/lib/x86_64-linux-gnu/libpcl_kdtree.so  
[2.103s] -- looking for PCL_SEARCH
[2.104s] -- Found PCL_SEARCH: /usr/lib/x86_64-linux-gnu/libpcl_search.so  
[2.104s] -- looking for PCL_SAMPLE_CONSENSUS
[2.105s] -- Found PCL_SAMPLE_CONSENSUS: /usr/lib/x86_64-linux-gnu/libpcl_sample_consensus.so  
[2.105s] -- looking for PCL_FILTERS
[2.106s] -- Found PCL_FILTERS: /usr/lib/x86_64-linux-gnu/libpcl_filters.so  
[2.106s] -- looking for PCL_GEOMETRY
[2.106s] -- Found PCL_GEOMETRY: /usr/include/pcl-1.12  
[2.106s] -- looking for PCL_2D
[2.106s] -- Found PCL_2D: /usr/include/pcl-1.12  
[2.106s] -- looking for PCL_FEATURES
[2.107s] -- Found PCL_FEATURES: /usr/lib/x86_64-linux-gnu/libpcl_features.so  
[2.107s] -- looking for PCL_ML
[2.108s] -- Found PCL_ML: /usr/lib/x86_64-linux-gnu/libpcl_ml.so  
[2.108s] -- looking for PCL_SEGMENTATION
[2.109s] -- Found PCL_SEGMENTATION: /usr/lib/x86_64-linux-gnu/libpcl_segmentation.so  
[2.109s] -- Found PCL: pcl_common;pcl_octree;pcl_io;pcl_kdtree;pcl_search;pcl_sample_consensus;pcl_filters;pcl_features;pcl_ml;pcl_segmentation;Boost::system;Boost::filesystem;Boost::date_time;Boost::iostreams;Boost::serialization;/usr/lib/libOpenNI.so;libusb::libusb;/usr/lib/x86_64-linux-gnu/libOpenNI2.so;libusb::libusb;VTK::ChartsCore;VTK::CommonColor;VTK::CommonComputationalGeometry;VTK::CommonCore;VTK::CommonDataModel;VTK::CommonExecutionModel;VTK::CommonMath;VTK::CommonMisc;VTK::CommonTransforms;VTK::FiltersCore;VTK::FiltersExtraction;VTK::FiltersGeneral;VTK::FiltersGeometry;VTK::FiltersModeling;VTK::FiltersSources;VTK::ImagingCore;VTK::ImagingSources;VTK::InteractionImage;VTK::InteractionStyle;VTK::InteractionWidgets;VTK::IOCore;VTK::IOGeometry;VTK::IOImage;VTK::IOLegacy;VTK::IOPLY;VTK::RenderingAnnotation;VTK::RenderingCore;VTK::RenderingContext2D;VTK::RenderingLOD;VTK::RenderingFreeType;VTK::ViewsCore;VTK::ViewsContext2D;VTK::RenderingOpenGL2;VTK::GUISupportQt;FLANN::FLANN  
[2.110s] -- Found pcl_conversions: 2.4.0 (/opt/ros/humble/share/pcl_conversions/cmake)
[2.227s] -- Found CUDA: /usr/local/cuda (found version "12.4") 
[2.229s] -- Found nav2_costmap_2d: 1.1.14 (/opt/ros/humble/share/nav2_costmap_2d/cmake)
[2.789s] -- Found Eigen3: TRUE (found version "3.4.0") 
[2.789s] -- Ensuring Eigen3 include directory is part of orocos-kdl CMake target
[4.204s] -- The CUDA compiler identification is NVIDIA 11.5.119
[4.208s] -- Detecting CUDA compiler ABI info
[4.893s] -- Detecting CUDA compiler ABI info - done
[4.913s] -- Check for working CUDA compiler: /usr/bin/nvcc - skipped
[4.913s] -- Detecting CUDA compile features
[4.913s] -- Detecting CUDA compile features - done
[5.018s] -- Found ament_lint_auto: 0.12.10 (/opt/ros/humble/share/ament_lint_auto/cmake)
[5.089s] -- Added test 'copyright' to check source files copyright and LICENSE
[5.091s] -- Added test 'cppcheck' to perform static code analysis on C / C++ code
[5.094s] -- Configured cppcheck include dirs: /home/aidan/ana_bot/src/ana/include;/home/aidan/ana_bot/src/ana/src/cuda
[5.094s] -- Configured cppcheck exclude dirs and/or files: 
[5.095s] -- Added test 'cpplint' to check C / C++ code against the Google style
[5.095s] -- Configured cpplint exclude dirs and/or files: 
[5.095s] -- Added test 'flake8' to check Python code syntax and style conventions
[5.096s] -- Added test 'lint_cmake' to check CMake code style
[5.096s] -- Added test 'pep257' to check Python code against some of the docstring style conventions in PEP 257
[5.098s] -- Added test 'uncrustify' to check C / C++ code style
[5.098s] -- Configured uncrustify additional arguments: 
[5.098s] -- Added test 'xmllint' to check XML markup files
[5.099s] -- Configuring done
[5.358s] -- Generating done
[5.360s] -- Build files have been written to: /home/aidan/ana_bot/build/ana
[5.377s] Invoked command in '/home/aidan/ana_bot/build/ana' returned '0': CMAKE_PREFIX_PATH=${CMAKE_PREFIX_PATH}:/home/aidan/ana_bot/install/my_python_pkg:/opt/ros/humble /usr/bin/cmake /home/aidan/ana_bot/src/ana -DAMENT_CMAKE_SYMLINK_INSTALL=1 -DCMAKE_INSTALL_PREFIX=/home/aidan/ana_bot/install/ana
[5.379s] Invoking command in '/home/aidan/ana_bot/build/ana': CMAKE_PREFIX_PATH=${CMAKE_PREFIX_PATH}:/home/aidan/ana_bot/install/my_python_pkg:/opt/ros/humble /usr/bin/cmake --build /home/aidan/ana_bot/build/ana -- -j16 -l16
[5.407s] [35m[1mConsolidate compiler generated dependencies of target cuda_operations[0m
[5.415s] [ 25%] Built target cuda_operations
[5.423s] [35m[1mConsolidate compiler generated dependencies of target point_cloud_filter_node[0m
[5.437s] [ 37%] [32m[1mLinking CXX executable point_cloud_filter_node[0m
[5.463s] [35m[1mConsolidate compiler generated dependencies of target publish_pcd_node[0m
[5.525s] [ 50%] [32mBuilding CXX object CMakeFiles/publish_pcd_node.dir/src/nodes/ply2pcd.cpp.o[0m
[5.876s] [ 75%] Built target point_cloud_filter_node
[9.377s] [01m[K/home/aidan/ana_bot/src/ana/src/nodes/ply2pcd.cpp:155:5:[m[K [01;31m[Kerror: [m[Kâ€˜[01m[Knav_msgs[m[Kâ€™ does not name a type
[9.377s]   155 |     [01;31m[Knav_msgs[m[K::msg::OccupancyGrid createOccupancyGrid(const pcl::PointCloud<pcl::PointXYZ>::Ptr& cloud, float resolution) {
[9.377s]       |     [01;31m[K^~~~~~~~[m[K
[9.385s] [01m[K/home/aidan/ana_bot/src/ana/src/nodes/ply2pcd.cpp:181:23:[m[K [01;31m[Kerror: [m[Kâ€˜[01m[Knav_msgs[m[Kâ€™ was not declared in this scope
[9.386s]   181 |     rclcpp::Publisher<[01;31m[Knav_msgs[m[K::msg::OccupancyGrid>::SharedPtr grid_publisher_;
[9.386s]       |                       [01;31m[K^~~~~~~~[m[K
[9.386s] [01m[K/home/aidan/ana_bot/src/ana/src/nodes/ply2pcd.cpp:181:51:[m[K [01;31m[Kerror: [m[Ktemplate argument 1 is invalid
[9.386s]   181 |     rclcpp::Publisher<nav_msgs::msg::OccupancyGrid[01;31m[K>[m[K::SharedPtr grid_publisher_;
[9.386s]       |                                                   [01;31m[K^[m[K
[9.386s] [01m[K/home/aidan/ana_bot/src/ana/src/nodes/ply2pcd.cpp:181:54:[m[K [01;31m[Kerror: [m[Kexpected â€˜[01m[K;[m[Kâ€™ at end of member declaration
[9.386s]   181 |     rclcpp::Publisher<nav_msgs::msg::OccupancyGrid>::[01;31m[KSharedPtr[m[K grid_publisher_;
[9.386s]       |                                                      [01;31m[K^~~~~~~~~[m[K
[9.386s]       |                                                               [32m[K;[m[K
[9.391s] [01m[K/home/aidan/ana_bot/src/ana/src/nodes/ply2pcd.cpp:181:64:[m[K [01;31m[Kerror: [m[Kâ€˜[01m[Kgrid_publisher_[m[Kâ€™ does not name a type; did you mean â€˜[01m[Krmw_publisher_t[m[Kâ€™?
[9.391s]   181 |     rclcpp::Publisher<nav_msgs::msg::OccupancyGrid>::SharedPtr [01;31m[Kgrid_publisher_[m[K;
[9.391s]       |                                                                [01;31m[K^~~~~~~~~~~~~~~[m[K
[9.391s]       |                                                                [32m[Krmw_publisher_t[m[K
[9.403s] [01m[K/home/aidan/ana_bot/src/ana/src/nodes/ply2pcd.cpp:[m[K In constructor â€˜[01m[KPCDPublisher::PCDPublisher()[m[Kâ€™:
[9.403s] [01m[K/home/aidan/ana_bot/src/ana/src/nodes/ply2pcd.cpp:29:9:[m[K [01;31m[Kerror: [m[Kâ€˜[01m[Kgrid_publisher_[m[Kâ€™ was not declared in this scope; did you mean â€˜[01m[Krmw_publisher_t[m[Kâ€™?
[9.403s]    29 |         [01;31m[Kgrid_publisher_[m[K = this->create_publisher<nav_msgs::msg::OccupancyGrid>("occupancy", 10);
[9.403s]       |         [01;31m[K^~~~~~~~~~~~~~~[m[K
[9.403s]       |         [32m[Krmw_publisher_t[m[K
[9.409s] [01m[K/home/aidan/ana_bot/src/ana/src/nodes/ply2pcd.cpp:29:50:[m[K [01;31m[Kerror: [m[Kâ€˜[01m[Knav_msgs[m[Kâ€™ was not declared in this scope
[9.409s]    29 |         grid_publisher_ = this->create_publisher<[01;31m[Knav_msgs[m[K::msg::OccupancyGrid>("occupancy", 10);
[9.409s]       |                                                  [01;31m[K^~~~~~~~[m[K
[9.409s] [01m[K/home/aidan/ana_bot/src/ana/src/nodes/ply2pcd.cpp:29:33:[m[K [01;31m[Kerror: [m[Kparse error in template argument list
[9.409s]    29 |         grid_publisher_ = this->[01;31m[Kcreate_publisher<nav_msgs::msg::OccupancyGrid>[m[K("occupancy", 10);
[9.409s]       |                                 [01;31m[K^~~~~~~~~~~~~~~~~~~~~~~~~~~~~~~~~~~~~~~~~~~~~~[m[K
[9.409s] [01m[K/home/aidan/ana_bot/src/ana/src/nodes/ply2pcd.cpp:29:79:[m[K [01;31m[Kerror: [m[Kno matching function for call to â€˜[01m[KPCDPublisher::create_publisher<<expression error> >(const char [10], int)[m[Kâ€™
[9.409s]    29 |         grid_publisher_ = [01;31m[Kthis->create_publisher<nav_msgs::msg::OccupancyGrid>("occupancy", 10)[m[K;
[9.409s]       |                           [01;31m[K~~~~~~~~~~~~~~~~~~~~~~~~~~~~~~~~~~~~~~~~~~~~~~~~~~~~^~~~~~~~~~~~~~~~~[m[K
[9.409s] In file included from [01m[K/opt/ros/humble/include/rclcpp/rclcpp/node.hpp:1321[m[K,
[9.409s]                  from [01m[K/opt/ros/humble/include/rclcpp/rclcpp/executors/single_threaded_executor.hpp:28[m[K,
[9.409s]                  from [01m[K/opt/ros/humble/include/rclcpp/rclcpp/executors.hpp:22[m[K,
[9.409s]                  from [01m[K/opt/ros/humble/include/rclcpp/rclcpp/rclcpp.hpp:155[m[K,
[9.409s]                  from [01m[K/home/aidan/ana_bot/src/ana/src/nodes/ply2pcd.cpp:4[m[K:
[9.409s] [01m[K/opt/ros/humble/include/rclcpp/rclcpp/node_impl.hpp:73:1:[m[K [01;36m[Knote: [m[Kcandidate: â€˜[01m[Ktemplate<class MessageT, class AllocatorT, class PublisherT> std::shared_ptr<PublisherT> rclcpp::Node::create_publisher(const string&, const rclcpp::QoS&, const rclcpp::PublisherOptionsWithAllocator<AllocatorT>&)[m[Kâ€™
[9.409s]    73 | [01;36m[KNode[m[K::create_publisher(
[9.409s]       | [01;36m[K^~~~[m[K
[9.409s] [01m[K/opt/ros/humble/include/rclcpp/rclcpp/node_impl.hpp:73:1:[m[K [01;36m[Knote: [m[K  template argument deduction/substitution failed:
[9.409s] [01m[K/home/aidan/ana_bot/src/ana/src/nodes/ply2pcd.cpp:29:79:[m[K [01;31m[Kerror: [m[Ktemplate argument 1 is invalid
[9.409s]    29 |         grid_publisher_ = [01;31m[Kthis->create_publisher<nav_msgs::msg::OccupancyGrid>("occupancy", 10)[m[K;
[9.410s]       |                           [01;31m[K~~~~~~~~~~~~~~~~~~~~~~~~~~~~~~~~~~~~~~~~~~~~~~~~~~~~^~~~~~~~~~~~~~~~~[m[K
[9.450s] [01m[K/home/aidan/ana_bot/src/ana/src/nodes/ply2pcd.cpp:[m[K In member function â€˜[01m[Kvoid PCDPublisher::timerCallback()[m[Kâ€™:
[9.451s] [01m[K/home/aidan/ana_bot/src/ana/src/nodes/ply2pcd.cpp:148:21:[m[K [01;31m[Kerror: [m[Kâ€˜[01m[KcreateOccupancyGrid[m[Kâ€™ was not declared in this scope
[9.451s]   148 |         auto grid = [01;31m[KcreateOccupancyGrid[m[K(cloud, 0.05f);  // Example: 5cm grid cell size
[9.451s]       |                     [01;31m[K^~~~~~~~~~~~~~~~~~~[m[K
[9.460s] [01m[K/home/aidan/ana_bot/src/ana/src/nodes/ply2pcd.cpp:149:9:[m[K [01;31m[Kerror: [m[Kâ€˜[01m[Kgrid_publisher_[m[Kâ€™ was not declared in this scope; did you mean â€˜[01m[Krmw_publisher_t[m[Kâ€™?
[9.460s]   149 |         [01;31m[Kgrid_publisher_[m[K->publish(grid);
[9.460s]       |         [01;31m[K^~~~~~~~~~~~~~~[m[K
[9.460s]       |         [32m[Krmw_publisher_t[m[K
[10.437s] gmake[2]: *** [CMakeFiles/publish_pcd_node.dir/build.make:76: CMakeFiles/publish_pcd_node.dir/src/nodes/ply2pcd.cpp.o] Error 1
[10.437s] gmake[1]: *** [CMakeFiles/Makefile2:167: CMakeFiles/publish_pcd_node.dir/all] Error 2
[10.437s] gmake: *** [Makefile:146: all] Error 2
[10.438s] Invoked command in '/home/aidan/ana_bot/build/ana' returned '2': CMAKE_PREFIX_PATH=${CMAKE_PREFIX_PATH}:/home/aidan/ana_bot/install/my_python_pkg:/opt/ros/humble /usr/bin/cmake --build /home/aidan/ana_bot/build/ana -- -j16 -l16
