[0.013s] Invoking command in '/home/aidan/ana_bot/build/ana': CMAKE_PREFIX_PATH=${CMAKE_PREFIX_PATH}:/home/aidan/ana_bot/install/my_python_pkg:/opt/ros/humble /usr/bin/cmake --build /home/aidan/ana_bot/build/ana -- -j16 -l16
[0.055s] [ 18%] Built target cuda_operations
[0.065s] [35m[1mConsolidate compiler generated dependencies of target depth_live_filter_node[0m
[0.081s] [ 27%] [32mBuilding CXX object CMakeFiles/depth_live_filter_node.dir/src/nodes/depth_live_filter.cpp.o[0m
[0.160s] [ 54%] Built target occupancy_grid_subscriber_node
[0.164s] [ 81%] Built target publish_pcd_node
[2.647s] [01m[K/home/aidan/ana_bot/src/ana/src/nodes/depth_live_filter.cpp:[m[K In member function â€˜[01m[Kvoid DepthLiveFilterNode::callback(const ConstSharedPtr&)[m[Kâ€™:
[2.647s] [01m[K/home/aidan/ana_bot/src/ana/src/nodes/depth_live_filter.cpp:49:93:[m[K [01;31m[Kerror: [m[Kâ€˜[01m[Kreduced[m[Kâ€™ was not declared in this scope
[2.647s]    49 | _cv(cv_ptr->header, sensor_msgs::image_encodings::TYPE_32FC1, [01;31m[Kreduced[m[K);
[2.647s]       |                                                               [01;31m[K^~~~~~~[m[K
[2.647s] 
[3.709s] gmake[2]: *** [CMakeFiles/depth_live_filter_node.dir/build.make:76: CMakeFiles/depth_live_filter_node.dir/src/nodes/depth_live_filter.cpp.o] Error 1
[3.709s] gmake[1]: *** [CMakeFiles/Makefile2:143: CMakeFiles/depth_live_filter_node.dir/all] Error 2
[3.709s] gmake: *** [Makefile:146: all] Error 2
[3.711s] Invoked command in '/home/aidan/ana_bot/build/ana' returned '2': CMAKE_PREFIX_PATH=${CMAKE_PREFIX_PATH}:/home/aidan/ana_bot/install/my_python_pkg:/opt/ros/humble /usr/bin/cmake --build /home/aidan/ana_bot/build/ana -- -j16 -l16
