[0.013s] Invoking command in '/home/aidan/ana_bot/build/ana': CMAKE_PREFIX_PATH=${CMAKE_PREFIX_PATH}:/home/aidan/ana_bot/install/my_python_pkg:/opt/ros/humble /usr/bin/cmake --build /home/aidan/ana_bot/build/ana -- -j16 -l16
[0.035s] -- Found ament_cmake: 1.3.8 (/opt/ros/humble/share/ament_cmake/cmake)
[0.129s] -- Override CMake install command with custom implementation using symlinks instead of copying resources
[0.142s] -- Found rclcpp: 16.0.8 (/opt/ros/humble/share/rclcpp/cmake)
[0.173s] -- Found rosidl_generator_c: 3.1.5 (/opt/ros/humble/share/rosidl_generator_c/cmake)
[0.176s] -- Found rosidl_adapter: 3.1.5 (/opt/ros/humble/share/rosidl_adapter/cmake)
[0.182s] -- Found rosidl_generator_cpp: 3.1.5 (/opt/ros/humble/share/rosidl_generator_cpp/cmake)
[0.194s] -- Using all available rosidl_typesupport_c: rosidl_typesupport_fastrtps_c;rosidl_typesupport_introspection_c
[0.209s] -- Using all available rosidl_typesupport_cpp: rosidl_typesupport_fastrtps_cpp;rosidl_typesupport_introspection_cpp
[0.262s] -- Found rmw_implementation_cmake: 6.1.1 (/opt/ros/humble/share/rmw_implementation_cmake/cmake)
[0.264s] -- Found rmw_fastrtps_cpp: 6.2.6 (/opt/ros/humble/share/rmw_fastrtps_cpp/cmake)
[0.369s] -- Using RMW implementation 'rmw_fastrtps_cpp' as default
[0.505s] -- Found sensor_msgs: 4.2.3 (/opt/ros/humble/share/sensor_msgs/cmake)
[0.609s] -- Found nav_msgs: 4.2.3 (/opt/ros/humble/share/nav_msgs/cmake)
[0.678s] -- Found image_transport: 3.1.9 (/opt/ros/humble/share/image_transport/cmake)
[0.715s] -- Found cv_bridge: 3.2.1 (/opt/ros/humble/share/cv_bridge/cmake)
[0.749s] -- Eigen found (include: /usr/include/eigen3, version: 3.4.0)
[0.767s] -- OpenNI found (version: 1.5.4.0, include: /usr/include/ni, lib: /usr/lib/libOpenNI.so;libusb::libusb)
[0.772s] -- OpenNI2 found (version: 2.2.0.33, include: /usr/include/openni2, lib: /usr/lib/x86_64-linux-gnu/libOpenNI2.so;libusb::libusb)
[0.772s] [0m** WARNING ** io features related to pcap will be disabled[0m
[0.772s] [0m** WARNING ** io features related to png will be disabled[0m
[0.927s] -- Found Eigen3: /usr/include/eigen3 (found version "3.4.0") 
[1.021s] -- Eigen found (include: /usr/include/eigen3, version: 3.4.0)
[1.037s] -- FLANN found (include: /usr/include, lib: /usr/lib/x86_64-linux-gnu/libflann_cpp.so)
[1.247s] -- looking for PCL_COMMON
[1.247s] -- looking for PCL_OCTREE
[1.247s] -- looking for PCL_IO
[1.248s] -- looking for PCL_KDTREE
[1.248s] -- looking for PCL_SEARCH
[1.248s] -- looking for PCL_SAMPLE_CONSENSUS
[1.249s] -- looking for PCL_FILTERS
[1.249s] -- looking for PCL_GEOMETRY
[1.249s] -- looking for PCL_2D
[1.250s] -- looking for PCL_FEATURES
[1.250s] -- looking for PCL_ML
[1.250s] -- looking for PCL_SEGMENTATION
[1.252s] -- Found pcl_conversions: 2.4.0 (/opt/ros/humble/share/pcl_conversions/cmake)
[1.366s] -- Found nav2_costmap_2d: 1.1.14 (/opt/ros/humble/share/nav2_costmap_2d/cmake)
[1.915s] -- Found Eigen3: TRUE (found version "3.4.0") 
[1.915s] -- Ensuring Eigen3 include directory is part of orocos-kdl CMake target
[2.822s] -- Found ament_lint_auto: 0.12.10 (/opt/ros/humble/share/ament_lint_auto/cmake)
[2.898s] -- Added test 'copyright' to check source files copyright and LICENSE
[2.900s] -- Added test 'cppcheck' to perform static code analysis on C / C++ code
[2.904s] -- Configured cppcheck include dirs: /home/aidan/ana_bot/src/ana/include;/home/aidan/ana_bot/src/ana/src/cuda
[2.904s] -- Configured cppcheck exclude dirs and/or files: 
[2.906s] -- Added test 'cpplint' to check C / C++ code against the Google style
[2.906s] -- Configured cpplint exclude dirs and/or files: 
[2.906s] -- Added test 'flake8' to check Python code syntax and style conventions
[2.907s] -- Added test 'lint_cmake' to check CMake code style
[2.907s] -- Added test 'pep257' to check Python code against some of the docstring style conventions in PEP 257
[2.909s] -- Added test 'uncrustify' to check C / C++ code style
[2.909s] -- Configured uncrustify additional arguments: 
[2.910s] -- Added test 'xmllint' to check XML markup files
[2.911s] -- Configuring done
[3.432s] -- Generating done
[3.435s] -- Build files have been written to: /home/aidan/ana_bot/build/ana
[3.462s] [35m[1mConsolidate compiler generated dependencies of target cuda_operations[0m
[3.469s] [ 18%] Built target cuda_operations
[3.487s] [ 27%] [32mBuilding CXX object CMakeFiles/depth_live_filter_node.dir/src/nodes/depth_live_filter.cpp.o[0m
[3.517s] [35m[1mConsolidate compiler generated dependencies of target occupancy_grid_subscriber_node[0m
[3.518s] [35m[1mConsolidate compiler generated dependencies of target publish_pcd_node[0m
[3.573s] [ 54%] Built target occupancy_grid_subscriber_node
[3.581s] [ 81%] Built target publish_pcd_node
[5.847s] [01m[K/home/aidan/ana_bot/src/ana/src/nodes/depth_live_filter.cpp:[m[K In member function â€˜[01m[Kvoid DepthLiveFilterNode::callback(const ConstSharedPtr&)[m[Kâ€™:
[5.847s] [01m[K/home/aidan/ana_bot/src/ana/src/nodes/depth_live_filter.cpp:36:113:[m[K [01;31m[Kerror: [m[Kâ€˜[01m[KmaxValidDepth[m[Kâ€™ was not declared in this scope; did you mean â€˜[01m[Kmax_valid_depth[m[Kâ€™?
[5.847s]    36 | v_ptr->image.data), cv_ptr->image.cols, cv_ptr->image.rows, [01;31m[KmaxValidDepth[m[K);
[5.847s]       |                                                             [01;31m[K^~~~~~~~~~~~~[m[K
[5.847s]       |                                                             [32m[Kmax_valid_depth[m[K
[5.849s] [01m[K/home/aidan/ana_bot/src/ana/src/nodes/depth_live_filter.cpp:35:15:[m[K [01;35m[Kwarning: [m[Kunused variable â€˜[01m[Kmax_valid_depth[m[Kâ€™ [[01;35m[K]8;;https://gcc.gnu.org/onlinedocs/gcc/Warning-Options.html#index-Wunused-variable-Wunused-variable]8;;[m[K]
[5.849s]    35 |         float [01;35m[Kmax_valid_depth[m[K = 9.99;  // 9 meters in millimeters
[5.849s]       |               [01;35m[K^~~~~~~~~~~~~~~[m[K
[6.829s] gmake[2]: *** [CMakeFiles/depth_live_filter_node.dir/build.make:76: CMakeFiles/depth_live_filter_node.dir/src/nodes/depth_live_filter.cpp.o] Error 1
[6.829s] gmake[1]: *** [CMakeFiles/Makefile2:143: CMakeFiles/depth_live_filter_node.dir/all] Error 2
[6.829s] gmake: *** [Makefile:146: all] Error 2
[6.831s] Invoked command in '/home/aidan/ana_bot/build/ana' returned '2': CMAKE_PREFIX_PATH=${CMAKE_PREFIX_PATH}:/home/aidan/ana_bot/install/my_python_pkg:/opt/ros/humble /usr/bin/cmake --build /home/aidan/ana_bot/build/ana -- -j16 -l16
