[0.013s] Invoking command in '/home/aidan/ana_bot/build/ana': CMAKE_PREFIX_PATH=${CMAKE_PREFIX_PATH}:/home/aidan/ana_bot/install/robot_math:/home/aidan/ana_bot/install/my_python_pkg:/opt/ros/humble /usr/bin/cmake --build /home/aidan/ana_bot/build/ana -- -j16 -l16
[0.045s] -- Found ament_cmake: 1.3.8 (/opt/ros/humble/share/ament_cmake/cmake)
[0.154s] -- Found rclcpp: 16.0.8 (/opt/ros/humble/share/rclcpp/cmake)
[0.186s] -- Found rosidl_generator_c: 3.1.5 (/opt/ros/humble/share/rosidl_generator_c/cmake)
[0.189s] -- Found rosidl_adapter: 3.1.5 (/opt/ros/humble/share/rosidl_adapter/cmake)
[0.196s] -- Found rosidl_generator_cpp: 3.1.5 (/opt/ros/humble/share/rosidl_generator_cpp/cmake)
[0.209s] -- Using all available rosidl_typesupport_c: rosidl_typesupport_fastrtps_c;rosidl_typesupport_introspection_c
[0.226s] -- Using all available rosidl_typesupport_cpp: rosidl_typesupport_fastrtps_cpp;rosidl_typesupport_introspection_cpp
[0.282s] -- Found rmw_implementation_cmake: 6.1.1 (/opt/ros/humble/share/rmw_implementation_cmake/cmake)
[0.284s] -- Found rmw_fastrtps_cpp: 6.2.6 (/opt/ros/humble/share/rmw_fastrtps_cpp/cmake)
[0.385s] -- Using RMW implementation 'rmw_fastrtps_cpp' as default
[0.522s] -- Found sensor_msgs: 4.2.3 (/opt/ros/humble/share/sensor_msgs/cmake)
[0.629s] -- Found image_transport: 3.1.9 (/opt/ros/humble/share/image_transport/cmake)
[0.660s] -- Found cv_bridge: 3.2.1 (/opt/ros/humble/share/cv_bridge/cmake)
[0.684s] -- Eigen found (include: /usr/include/eigen3, version: 3.4.0)
[0.700s] -- OpenNI found (version: 1.5.4.0, include: /usr/include/ni, lib: /usr/lib/libOpenNI.so;libusb::libusb)
[0.704s] -- OpenNI2 found (version: 2.2.0.33, include: /usr/include/openni2, lib: /usr/lib/x86_64-linux-gnu/libOpenNI2.so;libusb::libusb)
[0.704s] [0m** WARNING ** io features related to pcap will be disabled[0m
[0.704s] [0m** WARNING ** io features related to png will be disabled[0m
[0.956s] -- Eigen found (include: /usr/include/eigen3, version: 3.4.0)
[0.972s] -- FLANN found (include: /usr/include, lib: /usr/lib/x86_64-linux-gnu/libflann_cpp.so)
[0.973s] -- looking for PCL_COMMON
[0.973s] -- looking for PCL_OCTREE
[0.973s] -- looking for PCL_IO
[0.974s] -- looking for PCL_KDTREE
[0.974s] -- looking for PCL_SEARCH
[0.974s] -- looking for PCL_SAMPLE_CONSENSUS
[0.975s] -- looking for PCL_FILTERS
[0.975s] -- Found pcl_conversions: 2.4.0 (/opt/ros/humble/share/pcl_conversions/cmake)
[1.140s] -- Found ament_lint_auto: 0.12.10 (/opt/ros/humble/share/ament_lint_auto/cmake)
[1.199s] -- Added test 'copyright' to check source files copyright and LICENSE
[1.200s] -- Added test 'cppcheck' to perform static code analysis on C / C++ code
[1.200s] -- Configured cppcheck include dirs: /home/aidan/ana_bot/src/ana/include
[1.200s] -- Configured cppcheck exclude dirs and/or files: 
[1.201s] -- Added test 'cpplint' to check C / C++ code against the Google style
[1.202s] -- Configured cpplint exclude dirs and/or files: 
[1.202s] -- Added test 'flake8' to check Python code syntax and style conventions
[1.202s] -- Added test 'lint_cmake' to check CMake code style
[1.203s] -- Added test 'pep257' to check Python code against some of the docstring style conventions in PEP 257
[1.205s] -- Added test 'uncrustify' to check C / C++ code style
[1.205s] -- Configured uncrustify additional arguments: 
[1.205s] -- Added test 'xmllint' to check XML markup files
[1.206s] -- Configuring done
[1.235s] -- Generating done
[1.237s] -- Build files have been written to: /home/aidan/ana_bot/build/ana
[1.261s] [35m[1mConsolidate compiler generated dependencies of target point_cloud_filter_node[0m
[1.267s] [ 25%] [32mBuilding CXX object CMakeFiles/publish_pcd_node.dir/src/ply2pcd.cpp.o[0m
[1.274s] [ 75%] Built target point_cloud_filter_node
[1.303s] [01m[K/home/aidan/ana_bot/src/ana/src/ply2pcd.cpp:4:10:[m[K [01;31m[Kfatal error: [m[Krclcpp/rclcpp.hpp: No such file or directory
[1.303s]     4 | #include [01;31m[K<rclcpp/rclcpp.hpp>[m[K
[1.303s]       |          [01;31m[K^~~~~~~~~~~~~~~~~~~[m[K
[1.303s] compilation terminated.
[1.304s] gmake[2]: *** [CMakeFiles/publish_pcd_node.dir/build.make:76: CMakeFiles/publish_pcd_node.dir/src/ply2pcd.cpp.o] Error 1
[1.304s] gmake[1]: *** [CMakeFiles/Makefile2:165: CMakeFiles/publish_pcd_node.dir/all] Error 2
[1.305s] gmake: *** [Makefile:146: all] Error 2
[1.306s] Invoked command in '/home/aidan/ana_bot/build/ana' returned '2': CMAKE_PREFIX_PATH=${CMAKE_PREFIX_PATH}:/home/aidan/ana_bot/install/robot_math:/home/aidan/ana_bot/install/my_python_pkg:/opt/ros/humble /usr/bin/cmake --build /home/aidan/ana_bot/build/ana -- -j16 -l16
