[0.007s] Invoking command in '/home/aidan/ana_bot/build/ana': CMAKE_PREFIX_PATH=${CMAKE_PREFIX_PATH}:/home/aidan/ana_bot/install/my_python_pkg:/opt/ros/humble /usr/bin/cmake /home/aidan/ana_bot/src/ana -DAMENT_CMAKE_SYMLINK_INSTALL=1 -DCMAKE_INSTALL_PREFIX=/home/aidan/ana_bot/install/ana
[0.047s] -- The C compiler identification is GNU 11.4.0
[0.090s] -- The CXX compiler identification is GNU 11.4.0
[0.098s] -- Detecting C compiler ABI info
[0.148s] -- Detecting C compiler ABI info - done
[0.158s] -- Check for working C compiler: /usr/bin/cc - skipped
[0.158s] -- Detecting C compile features
[0.158s] -- Detecting C compile features - done
[0.162s] -- Detecting CXX compiler ABI info
[0.219s] -- Detecting CXX compiler ABI info - done
[0.225s] -- Check for working CXX compiler: /usr/bin/c++ - skipped
[0.225s] -- Detecting CXX compile features
[0.225s] -- Detecting CXX compile features - done
[0.228s] -- Found ament_cmake: 1.3.8 (/opt/ros/humble/share/ament_cmake/cmake)
[0.345s] -- Found Python3: /usr/bin/python3 (found version "3.10.12") found components: Interpreter 
[0.395s] -- Override CMake install command with custom implementation using symlinks instead of copying resources
[0.417s] -- Found rclcpp: 16.0.8 (/opt/ros/humble/share/rclcpp/cmake)
[0.453s] -- Found rosidl_generator_c: 3.1.5 (/opt/ros/humble/share/rosidl_generator_c/cmake)
[0.458s] -- Found rosidl_adapter: 3.1.5 (/opt/ros/humble/share/rosidl_adapter/cmake)
[0.465s] -- Found rosidl_generator_cpp: 3.1.5 (/opt/ros/humble/share/rosidl_generator_cpp/cmake)
[0.475s] -- Using all available rosidl_typesupport_c: rosidl_typesupport_fastrtps_c;rosidl_typesupport_introspection_c
[0.491s] -- Using all available rosidl_typesupport_cpp: rosidl_typesupport_fastrtps_cpp;rosidl_typesupport_introspection_cpp
[0.549s] -- Found rmw_implementation_cmake: 6.1.1 (/opt/ros/humble/share/rmw_implementation_cmake/cmake)
[0.551s] -- Found rmw_fastrtps_cpp: 6.2.6 (/opt/ros/humble/share/rmw_fastrtps_cpp/cmake)
[0.625s] -- Found OpenSSL: /usr/lib/x86_64-linux-gnu/libcrypto.so (found version "3.0.2")  
[0.649s] -- Found FastRTPS: /opt/ros/humble/include  
[0.690s] -- Using RMW implementation 'rmw_fastrtps_cpp' as default
[0.698s] -- Looking for pthread.h
[0.750s] -- Looking for pthread.h - found
[0.750s] -- Performing Test CMAKE_HAVE_LIBC_PTHREAD
[0.805s] -- Performing Test CMAKE_HAVE_LIBC_PTHREAD - Success
[0.806s] -- Found Threads: TRUE  
[0.937s] -- Found sensor_msgs: 4.2.3 (/opt/ros/humble/share/sensor_msgs/cmake)
[1.039s] -- Found nav_msgs: 4.2.3 (/opt/ros/humble/share/nav_msgs/cmake)
[1.110s] -- Found image_transport: 3.1.9 (/opt/ros/humble/share/image_transport/cmake)
[1.148s] -- Found cv_bridge: 3.2.1 (/opt/ros/humble/share/cv_bridge/cmake)
[1.164s] -- Found OpenCV: /usr (found version "4.5.4") 
[1.176s] -- Checking for module 'eigen3'
[1.184s] --   Found eigen3, version 3.4.0
[1.207s] -- Found Eigen: /usr/include/eigen3 (Required is at least version "3.1") 
[1.207s] -- Eigen found (include: /usr/include/eigen3, version: 3.4.0)
[1.224s] -- Found Boost: /usr/lib/x86_64-linux-gnu/cmake/Boost-1.74.0/BoostConfig.cmake (found suitable version "1.74.0", minimum required is "1.65.0") found components: system filesystem date_time iostreams serialization 
[1.263s] -- Checking for module 'libusb-1.0'
[1.271s] --   Found libusb-1.0, version 1.0.25
[1.293s] -- Found libusb: /usr/lib/x86_64-linux-gnu/libusb-1.0.so  
[1.293s] -- Found OpenNI: /usr/lib/libOpenNI.so;libusb::libusb (found version "1.5.4.0") 
[1.293s] -- OpenNI found (version: 1.5.4.0, include: /usr/include/ni, lib: /usr/lib/libOpenNI.so;libusb::libusb)
[1.332s] -- Found OpenNI2: /usr/lib/x86_64-linux-gnu/libOpenNI2.so;libusb::libusb (found version "2.2.0.33") 
[1.332s] -- OpenNI2 found (version: 2.2.0.33, include: /usr/include/openni2, lib: /usr/lib/x86_64-linux-gnu/libOpenNI2.so;libusb::libusb)
[1.332s] [0m** WARNING ** io features related to pcap will be disabled[0m
[1.332s] [0m** WARNING ** io features related to png will be disabled[0m
[1.360s] -- Found GLEW: /usr/lib/x86_64-linux-gnu/libGLEW.so  
[1.364s] -- Found OpenGL: /usr/lib/x86_64-linux-gnu/libOpenGL.so  found components: OpenGL GLX 
[1.468s] -- Found MPI_C: /usr/lib/x86_64-linux-gnu/libmpi.so (found version "3.1") 
[1.468s] -- Found MPI: TRUE (found version "3.1") found components: C 
[1.469s] -- Found JsonCpp: /usr/lib/x86_64-linux-gnu/libjsoncpp.so (found suitable version "1.9.5", minimum required is "0.7.0") 
[1.477s] -- Found ZLIB: /usr/lib/x86_64-linux-gnu/libz.so (found version "1.2.11") 
[1.492s] -- Found PNG: /usr/lib/x86_64-linux-gnu/libpng.so (found version "1.6.37") 
[1.501s] -- Found Eigen3: /usr/include/eigen3 (found version "3.4.0") 
[1.561s] -- Found X11: /usr/include   
[1.562s] -- Looking for XOpenDisplay in /usr/lib/x86_64-linux-gnu/libX11.so;/usr/lib/x86_64-linux-gnu/libXext.so
[1.616s] -- Looking for XOpenDisplay in /usr/lib/x86_64-linux-gnu/libX11.so;/usr/lib/x86_64-linux-gnu/libXext.so - found
[1.616s] -- Looking for gethostbyname
[1.666s] -- Looking for gethostbyname - found
[1.667s] -- Looking for connect
[1.715s] -- Looking for connect - found
[1.715s] -- Looking for remove
[1.768s] -- Looking for remove - found
[1.768s] -- Looking for shmat
[1.820s] -- Looking for shmat - found
[1.821s] -- Looking for IceConnectionNumber in ICE
[1.876s] -- Looking for IceConnectionNumber in ICE - found
[1.932s] -- Found EXPAT: /usr/lib/x86_64-linux-gnu/libexpat.so (found version "2.4.7") 
[1.934s] -- Found double-conversion: /usr/lib/x86_64-linux-gnu/libdouble-conversion.so  
[1.935s] -- Found LZ4: /usr/lib/x86_64-linux-gnu/liblz4.so (found version "1.9.3") 
[1.936s] -- Found LZMA: /usr/lib/x86_64-linux-gnu/liblzma.so (found version "5.2.5") 
[1.948s] -- Found JPEG: /usr/lib/x86_64-linux-gnu/libjpeg.so (found version "80") 
[1.953s] -- Found TIFF: /usr/lib/x86_64-linux-gnu/libtiff.so (found version "4.3.0")  
[1.956s] -- Found Freetype: /usr/lib/x86_64-linux-gnu/libfreetype.so (found version "2.11.1") 
[1.961s] -- Found utf8cpp: /usr/include/utf8cpp  
[1.986s] -- Eigen found (include: /usr/include/eigen3, version: 3.4.0)
[2.000s] -- Checking for module 'flann'
[2.009s] --   Found flann, version 1.9.1
[2.043s] -- Found FLANN: /usr/lib/x86_64-linux-gnu/libflann_cpp.so  
[2.043s] -- FLANN found (include: /usr/include, lib: /usr/lib/x86_64-linux-gnu/libflann_cpp.so)
[2.342s] -- looking for PCL_COMMON
[2.343s] -- Found PCL_COMMON: /usr/lib/x86_64-linux-gnu/libpcl_common.so  
[2.343s] -- looking for PCL_OCTREE
[2.344s] -- Found PCL_OCTREE: /usr/lib/x86_64-linux-gnu/libpcl_octree.so  
[2.344s] -- looking for PCL_IO
[2.345s] -- Found PCL_IO: /usr/lib/x86_64-linux-gnu/libpcl_io.so  
[2.345s] -- looking for PCL_KDTREE
[2.345s] -- Found PCL_KDTREE: /usr/lib/x86_64-linux-gnu/libpcl_kdtree.so  
[2.346s] -- looking for PCL_SEARCH
[2.346s] -- Found PCL_SEARCH: /usr/lib/x86_64-linux-gnu/libpcl_search.so  
[2.346s] -- looking for PCL_SAMPLE_CONSENSUS
[2.347s] -- Found PCL_SAMPLE_CONSENSUS: /usr/lib/x86_64-linux-gnu/libpcl_sample_consensus.so  
[2.347s] -- looking for PCL_FILTERS
[2.348s] -- Found PCL_FILTERS: /usr/lib/x86_64-linux-gnu/libpcl_filters.so  
[2.348s] -- looking for PCL_GEOMETRY
[2.348s] -- Found PCL_GEOMETRY: /usr/include/pcl-1.12  
[2.348s] -- looking for PCL_2D
[2.348s] -- Found PCL_2D: /usr/include/pcl-1.12  
[2.348s] -- looking for PCL_FEATURES
[2.349s] -- Found PCL_FEATURES: /usr/lib/x86_64-linux-gnu/libpcl_features.so  
[2.349s] -- looking for PCL_ML
[2.350s] -- Found PCL_ML: /usr/lib/x86_64-linux-gnu/libpcl_ml.so  
[2.350s] -- looking for PCL_SEGMENTATION
[2.350s] -- Found PCL_SEGMENTATION: /usr/lib/x86_64-linux-gnu/libpcl_segmentation.so  
[2.351s] -- Found PCL: pcl_common;pcl_octree;pcl_io;pcl_kdtree;pcl_search;pcl_sample_consensus;pcl_filters;pcl_features;pcl_ml;pcl_segmentation;Boost::system;Boost::filesystem;Boost::date_time;Boost::iostreams;Boost::serialization;/usr/lib/libOpenNI.so;libusb::libusb;/usr/lib/x86_64-linux-gnu/libOpenNI2.so;libusb::libusb;VTK::ChartsCore;VTK::CommonColor;VTK::CommonComputationalGeometry;VTK::CommonCore;VTK::CommonDataModel;VTK::CommonExecutionModel;VTK::CommonMath;VTK::CommonMisc;VTK::CommonTransforms;VTK::FiltersCore;VTK::FiltersExtraction;VTK::FiltersGeneral;VTK::FiltersGeometry;VTK::FiltersModeling;VTK::FiltersSources;VTK::ImagingCore;VTK::ImagingSources;VTK::InteractionImage;VTK::InteractionStyle;VTK::InteractionWidgets;VTK::IOCore;VTK::IOGeometry;VTK::IOImage;VTK::IOLegacy;VTK::IOPLY;VTK::RenderingAnnotation;VTK::RenderingCore;VTK::RenderingContext2D;VTK::RenderingLOD;VTK::RenderingFreeType;VTK::ViewsCore;VTK::ViewsContext2D;VTK::RenderingOpenGL2;VTK::GUISupportQt;FLANN::FLANN  
[2.352s] -- Found pcl_conversions: 2.4.0 (/opt/ros/humble/share/pcl_conversions/cmake)
[2.472s] -- Found CUDA: /usr/local/cuda (found version "12.4") 
[2.474s] -- Found nav2_costmap_2d: 1.1.14 (/opt/ros/humble/share/nav2_costmap_2d/cmake)
[3.059s] -- Found Eigen3: TRUE (found version "3.4.0") 
[3.059s] -- Ensuring Eigen3 include directory is part of orocos-kdl CMake target
[4.569s] -- The CUDA compiler identification is NVIDIA 11.5.119
[4.573s] -- Detecting CUDA compiler ABI info
[5.301s] -- Detecting CUDA compiler ABI info - done
[5.322s] -- Check for working CUDA compiler: /usr/bin/nvcc - skipped
[5.322s] -- Detecting CUDA compile features
[5.322s] -- Detecting CUDA compile features - done
[5.478s] -- Found ament_lint_auto: 0.12.10 (/opt/ros/humble/share/ament_lint_auto/cmake)
[5.562s] -- Added test 'copyright' to check source files copyright and LICENSE
[5.563s] -- Added test 'cppcheck' to perform static code analysis on C / C++ code
[5.567s] -- Configured cppcheck include dirs: /home/aidan/ana_bot/src/ana/include;/home/aidan/ana_bot/src/ana/src/cuda
[5.567s] -- Configured cppcheck exclude dirs and/or files: 
[5.568s] -- Added test 'cpplint' to check C / C++ code against the Google style
[5.568s] -- Configured cpplint exclude dirs and/or files: 
[5.569s] -- Added test 'flake8' to check Python code syntax and style conventions
[5.569s] -- Added test 'lint_cmake' to check CMake code style
[5.569s] -- Added test 'pep257' to check Python code against some of the docstring style conventions in PEP 257
[5.571s] -- Added test 'uncrustify' to check C / C++ code style
[5.571s] -- Configured uncrustify additional arguments: 
[5.571s] -- Added test 'xmllint' to check XML markup files
[5.572s] -- Configuring done
[6.082s] -- Generating done
[6.084s] -- Build files have been written to: /home/aidan/ana_bot/build/ana
[6.104s] Invoked command in '/home/aidan/ana_bot/build/ana' returned '0': CMAKE_PREFIX_PATH=${CMAKE_PREFIX_PATH}:/home/aidan/ana_bot/install/my_python_pkg:/opt/ros/humble /usr/bin/cmake /home/aidan/ana_bot/src/ana -DAMENT_CMAKE_SYMLINK_INSTALL=1 -DCMAKE_INSTALL_PREFIX=/home/aidan/ana_bot/install/ana
[6.105s] Invoking command in '/home/aidan/ana_bot/build/ana': CMAKE_PREFIX_PATH=${CMAKE_PREFIX_PATH}:/home/aidan/ana_bot/install/my_python_pkg:/opt/ros/humble /usr/bin/cmake --build /home/aidan/ana_bot/build/ana -- -j16 -l16
[6.137s] [35m[1mConsolidate compiler generated dependencies of target cuda_operations[0m
[6.148s] [ 18%] Built target cuda_operations
[6.156s] [35m[1mConsolidate compiler generated dependencies of target point_cloud_filter_node[0m
[6.170s] [ 45%] Built target point_cloud_filter_node
[6.198s] [35m[1mConsolidate compiler generated dependencies of target occupancy_grid_subscriber_node[0m
[6.199s] [35m[1mConsolidate compiler generated dependencies of target publish_pcd_node[0m
[6.257s] [ 54%] [32mBuilding CXX object CMakeFiles/occupancy_grid_subscriber_node.dir/src/nodes/occupancy_grid_subscriber.cpp.o[0m
[6.264s] [ 81%] Built target publish_pcd_node
[8.230s] [01m[K/home/aidan/ana_bot/src/ana/src/nodes/occupancy_grid_subscriber.cpp:[m[K In member function â€˜[01m[Kvoid GridSubscriber::generate_costmap()[m[Kâ€™:
[8.230s] [01m[K/home/aidan/ana_bot/src/ana/src/nodes/occupancy_grid_subscriber.cpp:36:61:[m[K [01;31m[Kerror: [m[Kno matching function for call to â€˜[01m[KGridSubscriber::calculateCostBasedOnHeight(__gnu_cxx::__alloc_traits<std::allocator<float>, float>::value_type&)[m[Kâ€™
[8.230s]    36 |                 costmap.data[i] = [01;31m[KcalculateCostBasedOnHeight(height_data_.data[i])[m[K;
[8.230s]       |                                   [01;31m[K~~~~~~~~~~~~~~~~~~~~~~~~~~^~~~~~~~~~~~~~~~~~~~~~[m[K
[8.230s] [01m[K/home/aidan/ana_bot/src/ana/src/nodes/occupancy_grid_subscriber.cpp:51:9:[m[K [01;36m[Knote: [m[Kcandidate: â€˜[01m[Kint GridSubscriber::calculateCostBasedOnHeight(float, size_t)[m[Kâ€™
[8.230s]    51 |     int [01;36m[KcalculateCostBasedOnHeight[m[K(float height, size_t cell_index) {
[8.230s]       |         [01;36m[K^~~~~~~~~~~~~~~~~~~~~~~~~~[m[K
[8.230s] [01m[K/home/aidan/ana_bot/src/ana/src/nodes/occupancy_grid_subscriber.cpp:51:9:[m[K [01;36m[Knote: [m[K  candidate expects 2 arguments, 1 provided
[10.937s] gmake[2]: *** [CMakeFiles/occupancy_grid_subscriber_node.dir/build.make:76: CMakeFiles/occupancy_grid_subscriber_node.dir/src/nodes/occupancy_grid_subscriber.cpp.o] Error 1
[10.937s] gmake[1]: *** [CMakeFiles/Makefile2:195: CMakeFiles/occupancy_grid_subscriber_node.dir/all] Error 2
[10.937s] gmake: *** [Makefile:146: all] Error 2
[10.939s] Invoked command in '/home/aidan/ana_bot/build/ana' returned '2': CMAKE_PREFIX_PATH=${CMAKE_PREFIX_PATH}:/home/aidan/ana_bot/install/my_python_pkg:/opt/ros/humble /usr/bin/cmake --build /home/aidan/ana_bot/build/ana -- -j16 -l16
