[0.008s] Invoking command in '/home/aidan/ana_bot/build/ana': CMAKE_PREFIX_PATH=${CMAKE_PREFIX_PATH}:/home/aidan/ana_bot/install/my_python_pkg:/opt/ros/humble /usr/bin/cmake /home/aidan/ana_bot/src/ana -DAMENT_CMAKE_SYMLINK_INSTALL=1 -DCMAKE_INSTALL_PREFIX=/home/aidan/ana_bot/install/ana
[0.049s] -- The C compiler identification is GNU 11.4.0
[0.090s] -- The CXX compiler identification is GNU 11.4.0
[0.095s] -- Detecting C compiler ABI info
[0.143s] -- Detecting C compiler ABI info - done
[0.149s] -- Check for working C compiler: /usr/bin/cc - skipped
[0.149s] -- Detecting C compile features
[0.150s] -- Detecting C compile features - done
[0.152s] -- Detecting CXX compiler ABI info
[0.209s] -- Detecting CXX compiler ABI info - done
[0.215s] -- Check for working CXX compiler: /usr/bin/c++ - skipped
[0.215s] -- Detecting CXX compile features
[0.215s] -- Detecting CXX compile features - done
[0.217s] -- Found ament_cmake: 1.3.8 (/opt/ros/humble/share/ament_cmake/cmake)
[0.332s] -- Found Python3: /usr/bin/python3 (found version "3.10.12") found components: Interpreter 
[0.380s] -- Override CMake install command with custom implementation using symlinks instead of copying resources
[0.403s] -- Found rclcpp: 16.0.8 (/opt/ros/humble/share/rclcpp/cmake)
[0.441s] -- Found rosidl_generator_c: 3.1.5 (/opt/ros/humble/share/rosidl_generator_c/cmake)
[0.445s] -- Found rosidl_adapter: 3.1.5 (/opt/ros/humble/share/rosidl_adapter/cmake)
[0.452s] -- Found rosidl_generator_cpp: 3.1.5 (/opt/ros/humble/share/rosidl_generator_cpp/cmake)
[0.466s] -- Using all available rosidl_typesupport_c: rosidl_typesupport_fastrtps_c;rosidl_typesupport_introspection_c
[0.482s] -- Using all available rosidl_typesupport_cpp: rosidl_typesupport_fastrtps_cpp;rosidl_typesupport_introspection_cpp
[0.538s] -- Found rmw_implementation_cmake: 6.1.1 (/opt/ros/humble/share/rmw_implementation_cmake/cmake)
[0.540s] -- Found rmw_fastrtps_cpp: 6.2.6 (/opt/ros/humble/share/rmw_fastrtps_cpp/cmake)
[0.614s] -- Found OpenSSL: /usr/lib/x86_64-linux-gnu/libcrypto.so (found version "3.0.2")  
[0.637s] -- Found FastRTPS: /opt/ros/humble/include  
[0.676s] -- Using RMW implementation 'rmw_fastrtps_cpp' as default
[0.683s] -- Looking for pthread.h
[0.737s] -- Looking for pthread.h - found
[0.738s] -- Performing Test CMAKE_HAVE_LIBC_PTHREAD
[0.789s] -- Performing Test CMAKE_HAVE_LIBC_PTHREAD - Success
[0.789s] -- Found Threads: TRUE  
[0.931s] -- Found sensor_msgs: 4.2.3 (/opt/ros/humble/share/sensor_msgs/cmake)
[1.036s] -- Found nav_msgs: 4.2.3 (/opt/ros/humble/share/nav_msgs/cmake)
[1.106s] -- Found image_transport: 3.1.9 (/opt/ros/humble/share/image_transport/cmake)
[1.147s] -- Found cv_bridge: 3.2.1 (/opt/ros/humble/share/cv_bridge/cmake)
[1.162s] -- Found OpenCV: /usr (found version "4.5.4") 
[1.173s] -- Checking for module 'eigen3'
[1.184s] --   Found eigen3, version 3.4.0
[1.208s] -- Found Eigen: /usr/include/eigen3 (Required is at least version "3.1") 
[1.208s] -- Eigen found (include: /usr/include/eigen3, version: 3.4.0)
[1.224s] -- Found Boost: /usr/lib/x86_64-linux-gnu/cmake/Boost-1.74.0/BoostConfig.cmake (found suitable version "1.74.0", minimum required is "1.65.0") found components: system filesystem date_time iostreams serialization 
[1.265s] -- Checking for module 'libusb-1.0'
[1.273s] --   Found libusb-1.0, version 1.0.25
[1.293s] -- Found libusb: /usr/lib/x86_64-linux-gnu/libusb-1.0.so  
[1.294s] -- Found OpenNI: /usr/lib/libOpenNI.so;libusb::libusb (found version "1.5.4.0") 
[1.294s] -- OpenNI found (version: 1.5.4.0, include: /usr/include/ni, lib: /usr/lib/libOpenNI.so;libusb::libusb)
[1.330s] -- Found OpenNI2: /usr/lib/x86_64-linux-gnu/libOpenNI2.so;libusb::libusb (found version "2.2.0.33") 
[1.330s] -- OpenNI2 found (version: 2.2.0.33, include: /usr/include/openni2, lib: /usr/lib/x86_64-linux-gnu/libOpenNI2.so;libusb::libusb)
[1.330s] [0m** WARNING ** io features related to pcap will be disabled[0m
[1.330s] [0m** WARNING ** io features related to png will be disabled[0m
[1.358s] -- Found GLEW: /usr/lib/x86_64-linux-gnu/libGLEW.so  
[1.363s] -- Found OpenGL: /usr/lib/x86_64-linux-gnu/libOpenGL.so  found components: OpenGL GLX 
[1.469s] -- Found MPI_C: /usr/lib/x86_64-linux-gnu/libmpi.so (found version "3.1") 
[1.469s] -- Found MPI: TRUE (found version "3.1") found components: C 
[1.471s] -- Found JsonCpp: /usr/lib/x86_64-linux-gnu/libjsoncpp.so (found suitable version "1.9.5", minimum required is "0.7.0") 
[1.478s] -- Found ZLIB: /usr/lib/x86_64-linux-gnu/libz.so (found version "1.2.11") 
[1.493s] -- Found PNG: /usr/lib/x86_64-linux-gnu/libpng.so (found version "1.6.37") 
[1.502s] -- Found Eigen3: /usr/include/eigen3 (found version "3.4.0") 
[1.564s] -- Found X11: /usr/include   
[1.564s] -- Looking for XOpenDisplay in /usr/lib/x86_64-linux-gnu/libX11.so;/usr/lib/x86_64-linux-gnu/libXext.so
[1.615s] -- Looking for XOpenDisplay in /usr/lib/x86_64-linux-gnu/libX11.so;/usr/lib/x86_64-linux-gnu/libXext.so - found
[1.616s] -- Looking for gethostbyname
[1.665s] -- Looking for gethostbyname - found
[1.665s] -- Looking for connect
[1.717s] -- Looking for connect - found
[1.717s] -- Looking for remove
[1.766s] -- Looking for remove - found
[1.767s] -- Looking for shmat
[1.815s] -- Looking for shmat - found
[1.815s] -- Looking for IceConnectionNumber in ICE
[1.867s] -- Looking for IceConnectionNumber in ICE - found
[1.936s] -- Found EXPAT: /usr/lib/x86_64-linux-gnu/libexpat.so (found version "2.4.7") 
[1.937s] -- Found double-conversion: /usr/lib/x86_64-linux-gnu/libdouble-conversion.so  
[1.939s] -- Found LZ4: /usr/lib/x86_64-linux-gnu/liblz4.so (found version "1.9.3") 
[1.941s] -- Found LZMA: /usr/lib/x86_64-linux-gnu/liblzma.so (found version "5.2.5") 
[1.951s] -- Found JPEG: /usr/lib/x86_64-linux-gnu/libjpeg.so (found version "80") 
[1.955s] -- Found TIFF: /usr/lib/x86_64-linux-gnu/libtiff.so (found version "4.3.0")  
[1.959s] -- Found Freetype: /usr/lib/x86_64-linux-gnu/libfreetype.so (found version "2.11.1") 
[1.964s] -- Found utf8cpp: /usr/include/utf8cpp  
[1.989s] -- Eigen found (include: /usr/include/eigen3, version: 3.4.0)
[2.001s] -- Checking for module 'flann'
[2.009s] --   Found flann, version 1.9.1
[2.037s] -- Found FLANN: /usr/lib/x86_64-linux-gnu/libflann_cpp.so  
[2.037s] -- FLANN found (include: /usr/include, lib: /usr/lib/x86_64-linux-gnu/libflann_cpp.so)
[2.260s] -- looking for PCL_COMMON
[2.261s] -- Found PCL_COMMON: /usr/lib/x86_64-linux-gnu/libpcl_common.so  
[2.261s] -- looking for PCL_OCTREE
[2.262s] -- Found PCL_OCTREE: /usr/lib/x86_64-linux-gnu/libpcl_octree.so  
[2.262s] -- looking for PCL_IO
[2.263s] -- Found PCL_IO: /usr/lib/x86_64-linux-gnu/libpcl_io.so  
[2.263s] -- looking for PCL_KDTREE
[2.263s] -- Found PCL_KDTREE: /usr/lib/x86_64-linux-gnu/libpcl_kdtree.so  
[2.263s] -- looking for PCL_SEARCH
[2.264s] -- Found PCL_SEARCH: /usr/lib/x86_64-linux-gnu/libpcl_search.so  
[2.264s] -- looking for PCL_SAMPLE_CONSENSUS
[2.265s] -- Found PCL_SAMPLE_CONSENSUS: /usr/lib/x86_64-linux-gnu/libpcl_sample_consensus.so  
[2.265s] -- looking for PCL_FILTERS
[2.266s] -- Found PCL_FILTERS: /usr/lib/x86_64-linux-gnu/libpcl_filters.so  
[2.266s] -- looking for PCL_GEOMETRY
[2.266s] -- Found PCL_GEOMETRY: /usr/include/pcl-1.12  
[2.266s] -- looking for PCL_2D
[2.266s] -- Found PCL_2D: /usr/include/pcl-1.12  
[2.266s] -- looking for PCL_FEATURES
[2.267s] -- Found PCL_FEATURES: /usr/lib/x86_64-linux-gnu/libpcl_features.so  
[2.267s] -- looking for PCL_ML
[2.268s] -- Found PCL_ML: /usr/lib/x86_64-linux-gnu/libpcl_ml.so  
[2.268s] -- looking for PCL_SEGMENTATION
[2.268s] -- Found PCL_SEGMENTATION: /usr/lib/x86_64-linux-gnu/libpcl_segmentation.so  
[2.269s] -- Found PCL: pcl_common;pcl_octree;pcl_io;pcl_kdtree;pcl_search;pcl_sample_consensus;pcl_filters;pcl_features;pcl_ml;pcl_segmentation;Boost::system;Boost::filesystem;Boost::date_time;Boost::iostreams;Boost::serialization;/usr/lib/libOpenNI.so;libusb::libusb;/usr/lib/x86_64-linux-gnu/libOpenNI2.so;libusb::libusb;VTK::ChartsCore;VTK::CommonColor;VTK::CommonComputationalGeometry;VTK::CommonCore;VTK::CommonDataModel;VTK::CommonExecutionModel;VTK::CommonMath;VTK::CommonMisc;VTK::CommonTransforms;VTK::FiltersCore;VTK::FiltersExtraction;VTK::FiltersGeneral;VTK::FiltersGeometry;VTK::FiltersModeling;VTK::FiltersSources;VTK::ImagingCore;VTK::ImagingSources;VTK::InteractionImage;VTK::InteractionStyle;VTK::InteractionWidgets;VTK::IOCore;VTK::IOGeometry;VTK::IOImage;VTK::IOLegacy;VTK::IOPLY;VTK::RenderingAnnotation;VTK::RenderingCore;VTK::RenderingContext2D;VTK::RenderingLOD;VTK::RenderingFreeType;VTK::ViewsCore;VTK::ViewsContext2D;VTK::RenderingOpenGL2;VTK::GUISupportQt;FLANN::FLANN  
[2.270s] -- Found pcl_conversions: 2.4.0 (/opt/ros/humble/share/pcl_conversions/cmake)
[2.391s] -- Found CUDA: /usr/local/cuda (found version "12.4") 
[2.393s] -- Found nav2_costmap_2d: 1.1.14 (/opt/ros/humble/share/nav2_costmap_2d/cmake)
[2.967s] -- Found Eigen3: TRUE (found version "3.4.0") 
[2.967s] -- Ensuring Eigen3 include directory is part of orocos-kdl CMake target
[4.464s] -- The CUDA compiler identification is NVIDIA 11.5.119
[4.468s] -- Detecting CUDA compiler ABI info
[5.182s] -- Detecting CUDA compiler ABI info - done
[5.205s] -- Check for working CUDA compiler: /usr/bin/nvcc - skipped
[5.205s] -- Detecting CUDA compile features
[5.205s] -- Detecting CUDA compile features - done
[5.364s] -- Found ament_lint_auto: 0.12.10 (/opt/ros/humble/share/ament_lint_auto/cmake)
[5.448s] -- Added test 'copyright' to check source files copyright and LICENSE
[5.450s] -- Added test 'cppcheck' to perform static code analysis on C / C++ code
[5.454s] -- Configured cppcheck include dirs: /home/aidan/ana_bot/src/ana/include;/home/aidan/ana_bot/src/ana/src/cuda
[5.454s] -- Configured cppcheck exclude dirs and/or files: 
[5.455s] -- Added test 'cpplint' to check C / C++ code against the Google style
[5.455s] -- Configured cpplint exclude dirs and/or files: 
[5.455s] -- Added test 'flake8' to check Python code syntax and style conventions
[5.456s] -- Added test 'lint_cmake' to check CMake code style
[5.456s] -- Added test 'pep257' to check Python code against some of the docstring style conventions in PEP 257
[5.459s] -- Added test 'uncrustify' to check C / C++ code style
[5.459s] -- Configured uncrustify additional arguments: 
[5.460s] -- Added test 'xmllint' to check XML markup files
[5.461s] -- Configuring done
[5.986s] -- Generating done
[5.989s] -- Build files have been written to: /home/aidan/ana_bot/build/ana
[6.010s] Invoked command in '/home/aidan/ana_bot/build/ana' returned '0': CMAKE_PREFIX_PATH=${CMAKE_PREFIX_PATH}:/home/aidan/ana_bot/install/my_python_pkg:/opt/ros/humble /usr/bin/cmake /home/aidan/ana_bot/src/ana -DAMENT_CMAKE_SYMLINK_INSTALL=1 -DCMAKE_INSTALL_PREFIX=/home/aidan/ana_bot/install/ana
[6.012s] Invoking command in '/home/aidan/ana_bot/build/ana': CMAKE_PREFIX_PATH=${CMAKE_PREFIX_PATH}:/home/aidan/ana_bot/install/my_python_pkg:/opt/ros/humble /usr/bin/cmake --build /home/aidan/ana_bot/build/ana -- -j16 -l16
[6.043s] [35m[1mConsolidate compiler generated dependencies of target cuda_operations[0m
[6.052s] [ 18%] Built target cuda_operations
[6.061s] [35m[1mConsolidate compiler generated dependencies of target point_cloud_filter_node[0m
[6.075s] [ 45%] Built target point_cloud_filter_node
[6.100s] [35m[1mConsolidate compiler generated dependencies of target publish_pcd_node[0m
[6.101s] [35m[1mConsolidate compiler generated dependencies of target occupancy_grid_subscriber_node[0m
[6.162s] [ 54%] [32mBuilding CXX object CMakeFiles/occupancy_grid_subscriber_node.dir/src/nodes/occupancy_grid_subscriber.cpp.o[0m
[6.164s] [ 81%] Built target publish_pcd_node
[8.121s] [01m[K/home/aidan/ana_bot/src/ana/src/nodes/occupancy_grid_subscriber.cpp:[m[K In member function â€˜[01m[Kvoid GridSubscriber::applyGradientCosts(int, int, nav_msgs::msg::OccupancyGrid&, int, int)[m[Kâ€™:
[8.121s] [01m[K/home/aidan/ana_bot/src/ana/src/nodes/occupancy_grid_subscriber.cpp:75:61:[m[K [01;31m[Kerror: [m[Kno matching function for call to â€˜[01m[Kmin(int&, __gnu_cxx::__alloc_traits<std::allocator<signed char>, signed char>::value_type&)[m[Kâ€™
[8.121s]    75 |                     decayedCost = std::max(minCost, [01;31m[Kstd::min(decayedCost, costmap.data[nIdx])[m[K);  // Ensuring the cost does not drop below minCost
[8.122s]       |                                                     [01;31m[K~~~~~~~~^~~~~~~~~~~~~~~~~~~~~~~~~~~~~~~~~[m[K
[8.122s] In file included from [01m[K/usr/include/c++/11/memory:63[m[K,
[8.122s]                  from [01m[K/opt/ros/humble/include/rclcpp/rclcpp/rclcpp.hpp:153[m[K,
[8.122s]                  from [01m[K/home/aidan/ana_bot/src/ana/src/nodes/occupancy_grid_subscriber.cpp:1[m[K:
[8.122s] [01m[K/usr/include/c++/11/bits/stl_algobase.h:230:5:[m[K [01;36m[Knote: [m[Kcandidate: â€˜[01m[Ktemplate<class _Tp> constexpr const _Tp& std::min(const _Tp&, const _Tp&)[m[Kâ€™
[8.122s]   230 |     [01;36m[Kmin[m[K(const _Tp& __a, const _Tp& __b)
[8.122s]       |     [01;36m[K^~~[m[K
[8.122s] [01m[K/usr/include/c++/11/bits/stl_algobase.h:230:5:[m[K [01;36m[Knote: [m[K  template argument deduction/substitution failed:
[8.122s] [01m[K/home/aidan/ana_bot/src/ana/src/nodes/occupancy_grid_subscriber.cpp:75:61:[m[K [01;36m[Knote: [m[K  deduced conflicting types for parameter â€˜[01m[Kconst _Tp[m[Kâ€™ (â€˜[01m[Kint[m[Kâ€™ and â€˜[01m[K__gnu_cxx::__alloc_traits<std::allocator<signed char>, signed char>::value_type[m[Kâ€™ {aka â€˜[01m[Ksigned char[m[Kâ€™})
[8.122s]    75 |                     decayedCost = std::max(minCost, [01;36m[Kstd::min(decayedCost, costmap.data[nIdx])[m[K);  // Ensuring the cost does not drop below minCost
[8.122s]       |                                                     [01;36m[K~~~~~~~~^~~~~~~~~~~~~~~~~~~~~~~~~~~~~~~~~[m[K
[8.122s] In file included from [01m[K/usr/include/c++/11/memory:63[m[K,
[8.122s]                  from [01m[K/opt/ros/humble/include/rclcpp/rclcpp/rclcpp.hpp:153[m[K,
[8.123s]                  from [01m[K/home/aidan/ana_bot/src/ana/src/nodes/occupancy_grid_subscriber.cpp:1[m[K:
[8.123s] [01m[K/usr/include/c++/11/bits/stl_algobase.h:278:5:[m[K [01;36m[Knote: [m[Kcandidate: â€˜[01m[Ktemplate<class _Tp, class _Compare> constexpr const _Tp& std::min(const _Tp&, const _Tp&, _Compare)[m[Kâ€™
[8.123s]   278 |     [01;36m[Kmin[m[K(const _Tp& __a, const _Tp& __b, _Compare __comp)
[8.123s]       |     [01;36m[K^~~[m[K
[8.123s] [01m[K/usr/include/c++/11/bits/stl_algobase.h:278:5:[m[K [01;36m[Knote: [m[K  template argument deduction/substitution failed:
[8.123s] [01m[K/home/aidan/ana_bot/src/ana/src/nodes/occupancy_grid_subscriber.cpp:75:61:[m[K [01;36m[Knote: [m[K  deduced conflicting types for parameter â€˜[01m[Kconst _Tp[m[Kâ€™ (â€˜[01m[Kint[m[Kâ€™ and â€˜[01m[K__gnu_cxx::__alloc_traits<std::allocator<signed char>, signed char>::value_type[m[Kâ€™ {aka â€˜[01m[Ksigned char[m[Kâ€™})
[8.123s]    75 |                     decayedCost = std::max(minCost, [01;36m[Kstd::min(decayedCost, costmap.data[nIdx])[m[K);  // Ensuring the cost does not drop below minCost
[8.123s]       |                                                     [01;36m[K~~~~~~~~^~~~~~~~~~~~~~~~~~~~~~~~~~~~~~~~~[m[K
[8.123s] In file included from [01m[K/usr/include/c++/11/algorithm:62[m[K,
[8.123s]                  from [01m[K/opt/ros/humble/include/rclcpp/rclcpp/executor.hpp:18[m[K,
[8.123s]                  from [01m[K/opt/ros/humble/include/rclcpp/rclcpp/executors/multi_threaded_executor.hpp:25[m[K,
[8.123s]                  from [01m[K/opt/ros/humble/include/rclcpp/rclcpp/executors.hpp:21[m[K,
[8.123s]                  from [01m[K/opt/ros/humble/include/rclcpp/rclcpp/rclcpp.hpp:155[m[K,
[8.124s]                  from [01m[K/home/aidan/ana_bot/src/ana/src/nodes/occupancy_grid_subscriber.cpp:1[m[K:
[8.124s] [01m[K/usr/include/c++/11/bits/stl_algo.h:3449:5:[m[K [01;36m[Knote: [m[Kcandidate: â€˜[01m[Ktemplate<class _Tp> constexpr _Tp std::min(std::initializer_list<_Tp>)[m[Kâ€™
[8.124s]  3449 |     [01;36m[Kmin[m[K(initializer_list<_Tp> __l)
[8.124s]       |     [01;36m[K^~~[m[K
[8.124s] [01m[K/usr/include/c++/11/bits/stl_algo.h:3449:5:[m[K [01;36m[Knote: [m[K  template argument deduction/substitution failed:
[8.124s] [01m[K/home/aidan/ana_bot/src/ana/src/nodes/occupancy_grid_subscriber.cpp:75:61:[m[K [01;36m[Knote: [m[K  mismatched types â€˜[01m[Kstd::initializer_list<_Tp>[m[Kâ€™ and â€˜[01m[Kint[m[Kâ€™
[8.124s]    75 |                     decayedCost = std::max(minCost, [01;36m[Kstd::min(decayedCost, costmap.data[nIdx])[m[K);  // Ensuring the cost does not drop below minCost
[8.124s]       |                                                     [01;36m[K~~~~~~~~^~~~~~~~~~~~~~~~~~~~~~~~~~~~~~~~~[m[K
[8.124s] In file included from [01m[K/usr/include/c++/11/algorithm:62[m[K,
[8.124s]                  from [01m[K/opt/ros/humble/include/rclcpp/rclcpp/executor.hpp:18[m[K,
[8.124s]                  from [01m[K/opt/ros/humble/include/rclcpp/rclcpp/executors/multi_threaded_executor.hpp:25[m[K,
[8.124s]                  from [01m[K/opt/ros/humble/include/rclcpp/rclcpp/executors.hpp:21[m[K,
[8.125s]                  from [01m[K/opt/ros/humble/include/rclcpp/rclcpp/rclcpp.hpp:155[m[K,
[8.125s]                  from [01m[K/home/aidan/ana_bot/src/ana/src/nodes/occupancy_grid_subscriber.cpp:1[m[K:
[8.125s] [01m[K/usr/include/c++/11/bits/stl_algo.h:3455:5:[m[K [01;36m[Knote: [m[Kcandidate: â€˜[01m[Ktemplate<class _Tp, class _Compare> constexpr _Tp std::min(std::initializer_list<_Tp>, _Compare)[m[Kâ€™
[8.125s]  3455 |     [01;36m[Kmin[m[K(initializer_list<_Tp> __l, _Compare __comp)
[8.125s]       |     [01;36m[K^~~[m[K
[8.125s] [01m[K/usr/include/c++/11/bits/stl_algo.h:3455:5:[m[K [01;36m[Knote: [m[K  template argument deduction/substitution failed:
[8.125s] [01m[K/home/aidan/ana_bot/src/ana/src/nodes/occupancy_grid_subscriber.cpp:75:61:[m[K [01;36m[Knote: [m[K  mismatched types â€˜[01m[Kstd::initializer_list<_Tp>[m[Kâ€™ and â€˜[01m[Kint[m[Kâ€™
[8.125s]    75 |                     decayedCost = std::max(minCost, [01;36m[Kstd::min(decayedCost, costmap.data[nIdx])[m[K);  // Ensuring the cost does not drop below minCost
[8.125s]       |                                                     [01;36m[K~~~~~~~~^~~~~~~~~~~~~~~~~~~~~~~~~~~~~~~~~[m[K
[10.777s] gmake[2]: *** [CMakeFiles/occupancy_grid_subscriber_node.dir/build.make:76: CMakeFiles/occupancy_grid_subscriber_node.dir/src/nodes/occupancy_grid_subscriber.cpp.o] Error 1
[10.777s] gmake[1]: *** [CMakeFiles/Makefile2:195: CMakeFiles/occupancy_grid_subscriber_node.dir/all] Error 2
[10.777s] gmake: *** [Makefile:146: all] Error 2
[10.780s] Invoked command in '/home/aidan/ana_bot/build/ana' returned '2': CMAKE_PREFIX_PATH=${CMAKE_PREFIX_PATH}:/home/aidan/ana_bot/install/my_python_pkg:/opt/ros/humble /usr/bin/cmake --build /home/aidan/ana_bot/build/ana -- -j16 -l16
