[01m[K/home/aidan/ana_bot/src/ana/src/nodes/ply2pcd.cpp:[m[K In member function â€˜[01m[Kvoid PCDPublisher::timerCallback()[m[Kâ€™:
[01m[K/home/aidan/ana_bot/src/ana/src/nodes/ply2pcd.cpp:151:29:[m[K [01;31m[Kerror: [m[Kâ€˜[01m[Koutput[m[Kâ€™ was not declared in this scope
  151 |         publisher_->publish([01;31m[Koutput[m[K);
      |                             [01;31m[K^~~~~~[m[K
gmake[2]: *** [CMakeFiles/publish_pcd_node.dir/build.make:76: CMakeFiles/publish_pcd_node.dir/src/nodes/ply2pcd.cpp.o] Error 1
gmake[1]: *** [CMakeFiles/Makefile2:169: CMakeFiles/publish_pcd_node.dir/all] Error 2
gmake: *** [Makefile:146: all] Error 2
