[0.013s] Invoking command in '/home/aidan/ana_bot/build/ana': CMAKE_PREFIX_PATH=${CMAKE_PREFIX_PATH}:/home/aidan/ana_bot/install/my_python_pkg:/opt/ros/humble /usr/bin/cmake --build /home/aidan/ana_bot/build/ana -- -j16 -l16
[0.055s] [ 18%] Built target cuda_operations
[0.077s] [ 45%] Built target depth_live_filter_node
[0.111s] [35m[1mConsolidate compiler generated dependencies of target publish_pcd_node[0m
[0.160s] [ 72%] Built target occupancy_grid_subscriber_node
[0.174s] [ 81%] [32mBuilding CXX object CMakeFiles/publish_pcd_node.dir/src/nodes/ply2pcd.cpp.o[0m
[4.336s] [01m[K/home/aidan/ana_bot/src/ana/src/nodes/ply2pcd.cpp:[m[K In member function â€˜[01m[Kvoid PCDPublisher::timerCallback()[m[Kâ€™:
[4.336s] [01m[K/home/aidan/ana_bot/src/ana/src/nodes/ply2pcd.cpp:151:29:[m[K [01;31m[Kerror: [m[Kâ€˜[01m[Koutput[m[Kâ€™ was not declared in this scope
[4.336s]   151 |         publisher_->publish([01;31m[Koutput[m[K);
[4.336s]       |                             [01;31m[K^~~~~~[m[K
[5.507s] gmake[2]: *** [CMakeFiles/publish_pcd_node.dir/build.make:76: CMakeFiles/publish_pcd_node.dir/src/nodes/ply2pcd.cpp.o] Error 1
[5.507s] gmake[1]: *** [CMakeFiles/Makefile2:169: CMakeFiles/publish_pcd_node.dir/all] Error 2
[5.507s] gmake: *** [Makefile:146: all] Error 2
[5.510s] Invoked command in '/home/aidan/ana_bot/build/ana' returned '2': CMAKE_PREFIX_PATH=${CMAKE_PREFIX_PATH}:/home/aidan/ana_bot/install/my_python_pkg:/opt/ros/humble /usr/bin/cmake --build /home/aidan/ana_bot/build/ana -- -j16 -l16
